<?xml version="1.0" encoding="UTF-8"?>
<testsuite name="TestSuite" time="102.123" tests="29" errors="0" skipped="0" failures="0">
  <properties>
    <property name="JOB_NAME" value="Display_BookShelves"/>
    <property name="java.vendor" value="Oracle Corporation"/>
    <property name="sun.java.launcher" value="SUN_STANDARD"/>
    <property name="RUN_TESTS_DISPLAY_URL" value="http://localhost:8080/job/Display_BookShelves/2/display/redirect?page=tests"/>
    <property name="NUMBER_OF_PROCESSORS" value="4"/>
    <property name="sun.management.compiler" value="HotSpot 64-Bit Tiered Compilers"/>
    <property name="JENKINS_HOME" value="C:\Users\pavis\.jenkins"/>
    <property name="HUDSON_SERVER_COOKIE" value="bfbdd608630ccce3"/>
    <property name="POM_ARTIFACTID" value="Book_Shelves"/>
    <property name="os.name" value="Windows 10"/>
    <property name="EXECUTOR_NUMBER" value="1"/>
    <property name="sun.desktop" value="windows"/>
    <property name="PATHEXT" value=".COM;.EXE;.BAT;.CMD;.VBS;.VBE;.JS;.JSE;.WSF;.WSH;.MSC"/>
    <property name="POM_DISPLAYNAME" value="Book_Shelves"/>
    <property name="java.vm.specification.vendor" value="Oracle Corporation"/>
    <property name="TEMP" value="C:\Users\pavis\AppData\Local\Temp"/>
    <property name="NODE_LABELS" value="master"/>
    <property name="java.runtime.version" value="11.0.10+8-LTS-162"/>
    <property name="user.name" value="pavis"/>
    <property name="guice.disable.misplaced.annotation.check" value="true"/>
    <property name="CommonProgramW6432" value="C:\Program Files\Common Files"/>
    <property name="ProgramFiles" value="C:\Program Files"/>
    <property name="PROMPT" value="$P$G"/>
    <property name="user.language" value="en"/>
    <property name="JOB_BASE_NAME" value="Display_BookShelves"/>
    <property name="RUN_CHANGES_DISPLAY_URL" value="http://localhost:8080/job/Display_BookShelves/2/display/redirect?page=changes"/>
    <property name="BUILD_DISPLAY_NAME" value="#2"/>
    <property name="OneDrive" value="C:\Users\pavis\OneDrive"/>
    <property name="sun.boot.library.path" value="C:\Program Files\Java\jdk-11.0.10\bin"/>
    <property name="java.vm.compressedOopsMode" value="32-bit"/>
    <property name="LOCALAPPDATA" value="C:\Users\pavis\AppData\Local"/>
    <property name="java.version" value="11.0.10"/>
    <property name="user.timezone" value="Asia/Calcutta"/>
    <property name="PROCESSOR_LEVEL" value="6"/>
    <property name="USERNAME" value="pavis"/>
    <property name="sun.arch.data.model" value="64"/>
    <property name="NODE_NAME" value="master"/>
    <property name="OneDriveConsumer" value="C:\Users\pavis\OneDrive"/>
    <property name="BUILD_ID" value="2"/>
    <property name="sun.cpu.isalist" value="amd64"/>
    <property name="sun.jnu.encoding" value="Cp1252"/>
    <property name="maven.conf" value="C:\Users\pavis\.jenkins\tools\hudson.tasks.Maven_MavenInstallation\Maven\conf"/>
    <property name="HOMEDRIVE" value="C:"/>
    <property name="file.separator" value="\"/>
    <property name="java.specification.name" value="Java Platform API Specification"/>
    <property name="java.class.version" value="55.0"/>
    <property name="=::" value="::\"/>
    <property name="org.slf4j.simpleLogger.defaultLogLevel" value="info"/>
    <property name="user.country" value="US"/>
    <property name="ALLUSERSPROFILE" value="C:\ProgramData"/>
    <property name="java.home" value="C:\Program Files\Java\jdk-11.0.10"/>
    <property name="java.vm.info" value="mixed mode"/>
    <property name="os.version" value="10.0"/>
    <property name="RUN_DISPLAY_URL" value="http://localhost:8080/job/Display_BookShelves/2/display/redirect"/>
    <property name="POM_VERSION" value="0.0.1-SNAPSHOT"/>
    <property name="TMP" value="C:\Users\pavis\AppData\Local\Temp"/>
    <property name="path.separator" value=";"/>
    <property name="RUN_ARTIFACTS_DISPLAY_URL" value="http://localhost:8080/job/Display_BookShelves/2/display/redirect?page=artifacts"/>
    <property name="java.vm.version" value="11.0.10+8-LTS-162"/>
    <property name="user.variant" value=""/>
    <property name="CommonProgramFiles(x86)" value="C:\Program Files (x86)\Common Files"/>
    <property name="JOB_DISPLAY_URL" value="http://localhost:8080/job/Display_BookShelves/display/redirect"/>
    <property name="USERDOMAIN_ROAMINGPROFILE" value="SWEETY"/>
    <property name="java.awt.printerjob" value="sun.awt.windows.WPrinterJob"/>
    <property name="CommonProgramFiles" value="C:\Program Files\Common Files"/>
    <property name="sun.io.unicode.encoding" value="UnicodeLittle"/>
    <property name="JAVA_HOME" value="C:\Program Files\Java\jdk-11.0.10"/>
    <property name="ComSpec" value="C:\WINDOWS\system32\cmd.exe"/>
    <property name="HOMEPATH" value="\Users\pavis"/>
    <property name="awt.toolkit" value="sun.awt.windows.WToolkit"/>
    <property name="POM_PACKAGING" value="jar"/>
    <property name="GOOGLE_API_KEY" value="no"/>
    <property name="COMPUTERNAME" value="SWEETY"/>
    <property name="user.script" value=""/>
    <property name="GOOGLE_DEFAULT_CLIENT_SECRET" value="no"/>
    <property name="POM_GROUPID" value="SSS"/>
    <property name="user.home" value="C:\Users\pavis"/>
    <property name="PUBLIC" value="C:\Users\Public"/>
    <property name="BUILD_TAG" value="jenkins-Display_BookShelves-2"/>
    <property name="JENKINS_SERVER_COOKIE" value="bfbdd608630ccce3"/>
    <property name="HUDSON_URL" value="http://localhost:8080/"/>
    <property name="ProgramData" value="C:\ProgramData"/>
    <property name="java.version.date" value="2021-01-19"/>
    <property name="java.specification.vendor" value="Oracle Corporation"/>
    <property name="USERPROFILE" value="C:\Users\pavis"/>
    <property name="CLASSPATH" value=""/>
    <property name="java.library.path" value="C:\Program Files\Java\jdk-11.0.10\bin;C:\WINDOWS\Sun\Java\bin;C:\WINDOWS\system32;C:\WINDOWS;C:\Users\pavis\.jenkins\tools\hudson.tasks.Maven_MavenInstallation\Maven/bin;C:\Program Files\Java\jdk-11.0.10/bin;C:\Program Files\Java\jdk-11.0.10/bin;C:\ProgramData\Anaconda3;C:\ProgramData\Anaconda3\Library\mingw-w64\bin;C:\ProgramData\Anaconda3\Library\usr\bin;C:\ProgramData\Anaconda3\Library\bin;C:\ProgramData\Anaconda3\Scripts;C:\WINDOWS\system32;C:\WINDOWS;C:\WINDOWS\System32\Wbem;C:\WINDOWS\System32\WindowsPowerShell\v1.0\;C:\WINDOWS\System32\OpenSSH\;C:\Program Files\Java\jdk-11.0.10\bin;;."/>
    <property name="java.vendor.url" value="https://openjdk.java.net/"/>
    <property name="java.vm.vendor" value="Oracle Corporation"/>
    <property name="APPDATA" value="C:\Users\pavis\AppData\Roaming"/>
    <property name="java.runtime.name" value="Java(TM) SE Runtime Environment"/>
    <property name="maven.home" value="C:\Users\pavis\.jenkins\tools\hudson.tasks.Maven_MavenInstallation\Maven"/>
    <property name="java.class.path" value="C:\Users\pavis\.jenkins\plugins\maven-plugin\WEB-INF\lib\maven35-agent-1.13.jar;C:\Users\pavis\.jenkins\tools\hudson.tasks.Maven_MavenInstallation\Maven\boot\plexus-classworlds-2.6.0.jar;C:\Users\pavis\.jenkins\tools\hudson.tasks.Maven_MavenInstallation\Maven/conf/logging"/>
    <property name="sun.java.command" value="jenkins.maven3.agent.Maven35Main C:\Users\pavis\.jenkins\tools\hudson.tasks.Maven_MavenInstallation\Maven C:\Users\pavis\.jenkins\war\WEB-INF\lib\remoting-4.7.jar C:\Users\pavis\.jenkins\plugins\maven-plugin\WEB-INF\lib\maven35-interceptor-1.13.jar C:\Users\pavis\.jenkins\plugins\maven-plugin\WEB-INF\lib\maven3-interceptor-commons-1.13.jar 51553"/>
    <property name="Path" value="C:\Program Files\Java\jdk-11.0.10/bin;C:\ProgramData\Anaconda3;C:\ProgramData\Anaconda3\Library\mingw-w64\bin;C:\ProgramData\Anaconda3\Library\usr\bin;C:\ProgramData\Anaconda3\Library\bin;C:\ProgramData\Anaconda3\Scripts;C:\WINDOWS\system32;C:\WINDOWS;C:\WINDOWS\System32\Wbem;C:\WINDOWS\System32\WindowsPowerShell\v1.0\;C:\WINDOWS\System32\OpenSSH\;C:\Program Files\Java\jdk-11.0.10\bin;"/>
    <property name="jdk.debug" value="release"/>
    <property name="PROCESSOR_ARCHITECTURE" value="AMD64"/>
    <property name="java.vm.specification.name" value="Java Virtual Machine Specification"/>
    <property name="PATH+JDK" value="C:\Program Files\Java\jdk-11.0.10/bin"/>
    <property name="SESSIONNAME" value="Console"/>
    <property name="PROCESSOR_IDENTIFIER" value="Intel64 Family 6 Model 69 Stepping 1, GenuineIntel"/>
    <property name="java.vm.specification.version" value="11"/>
    <property name="M2_HOME" value="C:\Users\pavis\.jenkins\tools\hudson.tasks.Maven_MavenInstallation\Maven"/>
    <property name="sun.cpu.endian" value="little"/>
    <property name="sun.os.patch.level" value=""/>
    <property name="OS" value="Windows_NT"/>
    <property name="CI" value="true"/>
    <property name="java.io.tmpdir" value="C:\Users\pavis\AppData\Local\Temp\"/>
    <property name="HUDSON_HOME" value="C:\Users\pavis\.jenkins"/>
    <property name="PATH+MAVEN" value="C:\Users\pavis\.jenkins\tools\hudson.tasks.Maven_MavenInstallation\Maven/bin"/>
    <property name="ProgramFiles(x86)" value="C:\Program Files (x86)"/>
    <property name="java.vendor.url.bug" value="https://bugreport.java.com/bugreport/"/>
    <property name="BUILD_URL" value="http://localhost:8080/job/Display_BookShelves/2/"/>
    <property name="SystemRoot" value="C:\WINDOWS"/>
    <property name="os.arch" value="amd64"/>
    <property name="java.awt.graphicsenv" value="sun.awt.Win32GraphicsEnvironment"/>
    <property name="user.dir" value="C:\Users\pavis\eclipse-workspace\Book_Shelves"/>
    <property name="JOB_URL" value="http://localhost:8080/job/Display_BookShelves/"/>
    <property name="LOGONSERVER" value="\\SWEETY"/>
    <property name="GOOGLE_DEFAULT_CLIENT_ID" value="no"/>
    <property name="USERDOMAIN" value="SWEETY"/>
    <property name="MAVEN_HOME" value="C:\Users\pavis\.jenkins\tools\hudson.tasks.Maven_MavenInstallation\Maven"/>
    <property name="line.separator" value="&#10;"/>
    <property name="java.vm.name" value="Java HotSpot(TM) 64-Bit Server VM"/>
    <property name="BUILD_NUMBER" value="2"/>
    <property name="PROCESSOR_REVISION" value="4501"/>
    <property name="JENKINS_URL" value="http://localhost:8080/"/>
    <property name="ProgramW6432" value="C:\Program Files"/>
    <property name="windir" value="C:\WINDOWS"/>
    <property name="=C:" value="C:\Program Files\Jenkins"/>
    <property name="file.encoding" value="Cp1252"/>
    <property name="SystemDrive" value="C:"/>
    <property name="maven3.interceptor" value="C:\Users\pavis\.jenkins\plugins\maven-plugin\WEB-INF\lib\maven35-interceptor-1.13.jar"/>
    <property name="WORKSPACE_TMP" value="C:\Users\pavis\.jenkins\workspace\Display_BookShelves@tmp"/>
    <property name="WORKSPACE" value="C:\Users\pavis\.jenkins\workspace\Display_BookShelves"/>
    <property name="maven3.interceptor.common" value="C:\Users\pavis\.jenkins\plugins\maven-plugin\WEB-INF\lib\maven3-interceptor-commons-1.13.jar"/>
    <property name="PSModulePath" value="C:\Program Files\WindowsPowerShell\Modules;C:\WINDOWS\system32\WindowsPowerShell\v1.0\Modules"/>
    <property name="java.specification.version" value="11"/>
    <property name="DriverData" value="C:\Windows\System32\Drivers\DriverData"/>
    <property name="java.vendor.version" value="18.9"/>
  </properties>
  <testcase name="homePageTitleTest" classname="testcases.ValidateSubMenu" time="0.975"/>
  <testcase name="closePopUpTest" classname="testcases.ValidateSubMenu" time="7.425"/>
  <testcase name="CollectionButtonTest" classname="testcases.ValidateSubMenu" time="19.903"/>
  <testcase name="subMenuTest" classname="testcases.ValidateSubMenu" time="8.975"/>
  <testcase name="homePageTitleTest" classname="testcases.ValidateChairDetails" time="0.011"/>
  <testcase name="closePopUpTest" classname="testcases.ValidateChairDetails" time="7.983"/>
  <testcase name="searchBoxTest" classname="testcases.ValidateChairDetails" time="5.446"/>
  <testcase name="searchButtonTest" classname="testcases.ValidateChairDetails" time="4.381"/>
  <testcase name="chairDetailsTest" classname="testcases.ValidateChairDetails" time="4.025"/>
  <testcase name="homePageTitleTest" classname="testcases.ValidateGiftCardEntry" time="0.009"/>
  <testcase name="closePopUpTest" classname="testcases.ValidateGiftCardEntry" time="5.495"/>
  <testcase name="GiftCardButtonTest" classname="testcases.ValidateGiftCardEntry" time="7.929"/>
  <testcase name="selectCardTest" classname="testcases.ValidateGiftCardEntry" time="0.398"/>
  <testcase name="AmountTextBoxTest" classname="testcases.ValidateGiftCardEntry" time="2.218"/>
  <testcase name="RecipientNameTest" classname="testcases.ValidateGiftCardEntry" time="0.404"/>
  <testcase name="senderNameTest" classname="testcases.ValidateGiftCardEntry" time="0.355"/>
  <testcase name="RecipientEmailTest" classname="testcases.ValidateGiftCardEntry" time="0.484"/>
  <testcase name="senderNoTest" classname="testcases.ValidateGiftCardEntry" time="0.396"/>
  <testcase name="errorMessageTest" classname="testcases.ValidateGiftCardEntry" time="1.512"/>
  <testcase name="screenShotTest" classname="testcases.ValidateGiftCardEntry" time="1.722"/>
  <testcase name="homePageTitleTest" classname="testcases.ValidateBookDetails" time="0.078"/>
  <testcase name="closePopUpTest" classname="testcases.ValidateBookDetails" time="8.548"/>
  <testcase name="searchBoxTest" classname="testcases.ValidateBookDetails" time="2.368"/>
  <testcase name="searchButtonTest" classname="testcases.ValidateBookDetails" time="3.993"/>
  <testcase name="categoryTest" classname="testcases.ValidateBookDetails" time="1.107"/>
  <testcase name="storageTypeTest" classname="testcases.ValidateBookDetails" time="2.167"/>
  <testcase name="outOfStockTest" classname="testcases.ValidateBookDetails" time="0.348"/>
  <testcase name="RecommandationTest" classname="testcases.ValidateBookDetails" time="2.089"/>
  <testcase name="bookDetailsTest" classname="testcases.ValidateBookDetails" time="1.379"/>
</testsuite>