<?xml version="1.0" encoding="UTF-8"?>
<!-- Generated by org.testng.reporters.JUnitReportReporter -->
<testsuite hostname="LTIN312007" name="testcases.ValidateChairDetails" tests="5" failures="0" timestamp="29 May 2021 16:39:33 GMT" time="15.537" errors="0">
  <testcase name="searchBoxTest" time="2.242" classname="testcases.ValidateChairDetails"/>
  <testcase name="searchButtonTest" time="1.357" classname="testcases.ValidateChairDetails"/>
  <testcase name="chairDetailsTest" time="2.642" classname="testcases.ValidateChairDetails"/>
  <testcase name="closePopUpTest" time="9.278" classname="testcases.ValidateChairDetails"/>
  <testcase name="homePageTitleTest" time="0.018" classname="testcases.ValidateChairDetails"/>
</testsuite> <!-- testcases.ValidateChairDetails -->
