<?xml version="1.0" encoding="UTF-8"?>
<!-- Generated by org.testng.reporters.JUnitReportReporter -->
<testsuite hostname="LTIN312007" name="testcases.ValidateBookDetails" tests="9" failures="0" timestamp="29 May 2021 16:27:57 GMT" time="19.342" errors="0">
  <testcase name="outOfStockTest" time="0.165" classname="testcases.ValidateBookDetails"/>
  <testcase name="searchButtonTest" time="1.359" classname="testcases.ValidateBookDetails"/>
  <testcase name="searchBoxTest" time="2.183" classname="testcases.ValidateBookDetails"/>
  <testcase name="categoryTest" time="0.420" classname="testcases.ValidateBookDetails"/>
  <testcase name="RecommandationTest" time="1.833" classname="testcases.ValidateBookDetails"/>
  <testcase name="homePageTitleTest" time="0.022" classname="testcases.ValidateBookDetails"/>
  <testcase name="storageTypeTest" time="2.745" classname="testcases.ValidateBookDetails"/>
  <testcase name="closePopUpTest" time="9.022" classname="testcases.ValidateBookDetails"/>
  <testcase name="bookDetailsTest" time="1.593" classname="testcases.ValidateBookDetails"/>
</testsuite> <!-- testcases.ValidateBookDetails -->
