<?xml version="1.0" encoding="UTF-8"?>
<!-- Generated by org.testng.reporters.JUnitReportReporter -->
<testsuite hostname="LTIN312007" name="testScenarios.GiftCard" tests="11" failures="0" timestamp="1 Jun 2021 16:37:07 GMT" time="15.420" errors="0">
  <testcase name="screenShotTest" time="0.478" classname="testScenarios.GiftCard"/>
  <testcase name="errorMessageTest" time="0.487" classname="testScenarios.GiftCard"/>
  <testcase name="homePageTitleTest" time="0.009" classname="testScenarios.GiftCard"/>
  <testcase name="selectCardTest" time="0.143" classname="testScenarios.GiftCard"/>
  <testcase name="closePopUpTest" time="9.477" classname="testScenarios.GiftCard"/>
  <testcase name="GiftCardButtonTest" time="3.586" classname="testScenarios.GiftCard"/>
  <testcase name="senderNameTest" time="0.204" classname="testScenarios.GiftCard"/>
  <testcase name="RecipientNameTest" time="0.230" classname="testScenarios.GiftCard"/>
  <testcase name="senderNoTest" time="0.212" classname="testScenarios.GiftCard"/>
  <testcase name="AmountTextBoxTest" time="0.366" classname="testScenarios.GiftCard"/>
  <testcase name="RecipientEmailTest" time="0.228" classname="testScenarios.GiftCard"/>
</testsuite> <!-- testScenarios.GiftCard -->
