<?xml version="1.0" encoding="UTF-8"?>
<!-- Generated by org.testng.reporters.JUnitReportReporter -->
<testsuite hostname="LTIN312007" name="testcases.ValidateSubMenu" tests="4" failures="0" timestamp="29 May 2021 16:41:45 GMT" time="14.306" errors="0">
  <testcase name="subMenuTest" time="4.616" classname="testcases.ValidateSubMenu"/>
  <testcase name="CollectionButtonTest" time="0.510" classname="testcases.ValidateSubMenu"/>
  <testcase name="closePopUpTest" time="9.141" classname="testcases.ValidateSubMenu"/>
  <testcase name="homePageTitleTest" time="0.039" classname="testcases.ValidateSubMenu"/>
</testsuite> <!-- testcases.ValidateSubMenu -->
