<?xml version="1.0" encoding="UTF-8"?>
<!-- Generated by org.testng.reporters.JUnitReportReporter -->
<testsuite hostname="LTIN312007" name="testScenarios.CollectionsMenu" tests="4" failures="0" timestamp="1 Jun 2021 16:37:07 GMT" time="16.487" errors="0">
  <testcase name="CollectionButtonTest" time="0.593" classname="testScenarios.CollectionsMenu"/>
  <testcase name="subMenuTest" time="6.523" classname="testScenarios.CollectionsMenu"/>
  <testcase name="homePageTitleTest" time="0.024" classname="testScenarios.CollectionsMenu"/>
  <testcase name="closePopUpTest" time="9.347" classname="testScenarios.CollectionsMenu"/>
</testsuite> <!-- testScenarios.CollectionsMenu -->
