<?xml version="1.0" encoding="UTF-8"?>
<!-- Generated by org.testng.reporters.JUnitReportReporter -->
<testsuite hostname="LTIN312007" name="testScenarios.DisplayStudyChairs" tests="5" failures="0" timestamp="1 Jun 2021 18:32:53 GMT" time="15.668" errors="0">
  <testcase name="homePageTitleTest" time="0.058" classname="testScenarios.DisplayStudyChairs"/>
  <testcase name="searchButtonTest" time="1.508" classname="testScenarios.DisplayStudyChairs"/>
  <testcase name="closePopUpTest" time="9.272" classname="testScenarios.DisplayStudyChairs"/>
  <testcase name="chairDetailsTest" time="2.653" classname="testScenarios.DisplayStudyChairs"/>
  <testcase name="searchBoxTest" time="2.177" classname="testScenarios.DisplayStudyChairs"/>
</testsuite> <!-- testScenarios.DisplayStudyChairs -->
