<?xml version="1.0" encoding="UTF-8"?>
<!-- Generated by org.testng.reporters.JUnitReportReporter -->
<testsuite hostname="LTIN312007" name="testcases.ValidateGiftCardEntry" tests="11" failures="0" timestamp="29 May 2021 16:54:24 GMT" time="15.909" errors="0">
  <testcase name="GiftCardButtonTest" time="2.984" classname="testcases.ValidateGiftCardEntry"/>
  <testcase name="senderNameTest" time="0.244" classname="testcases.ValidateGiftCardEntry"/>
  <testcase name="RecipientEmailTest" time="0.257" classname="testcases.ValidateGiftCardEntry"/>
  <testcase name="selectCardTest" time="0.173" classname="testcases.ValidateGiftCardEntry"/>
  <testcase name="AmountTextBoxTest" time="1.250" classname="testcases.ValidateGiftCardEntry"/>
  <testcase name="homePageTitleTest" time="0.032" classname="testcases.ValidateGiftCardEntry"/>
  <testcase name="senderNoTest" time="0.213" classname="testcases.ValidateGiftCardEntry"/>
  <testcase name="RecipientNameTest" time="0.222" classname="testcases.ValidateGiftCardEntry"/>
  <testcase name="screenShotTest" time="0.699" classname="testcases.ValidateGiftCardEntry"/>
  <testcase name="closePopUpTest" time="9.278" classname="testcases.ValidateGiftCardEntry"/>
  <testcase name="errorMessageTest" time="0.557" classname="testcases.ValidateGiftCardEntry"/>
</testsuite> <!-- testcases.ValidateGiftCardEntry -->
