<?xml version="1.0" encoding="UTF-8"?>
<!-- Generated by org.testng.reporters.JUnitReportReporter -->
<testsuite hostname="LTIN312007" name="testScenarios.DisplayBookShelves" tests="1" failures="0" timestamp="1 Jun 2021 17:26:51 GMT" time="2.213" errors="0">
  <testcase name="searchBoxTest" time="2.213" classname="testScenarios.DisplayBookShelves"/>
</testsuite> <!-- testScenarios.DisplayBookShelves -->
