<?xml version="1.0" encoding="UTF-8"?>
<!-- Generated by org.testng.reporters.JUnitReportReporter -->
<testsuite hostname="Sweety" failures="0" tests="4" name="testcases.ValidateSubMenu" time="37.266" errors="0" timestamp="2021-04-19T12:40:55 IST" skipped="0">
  <testcase classname="testcases.ValidateSubMenu" name="homePageTitleTest" time="0.969"/>
  <system-out/>
  <testcase classname="testcases.ValidateSubMenu" name="closePopUpTest" time="7.415"/>
  <system-out/>
  <testcase classname="testcases.ValidateSubMenu" name="CollectionButtonTest" time="19.908"/>
  <system-out/>
  <testcase classname="testcases.ValidateSubMenu" name="subMenuTest" time="8.974"/>
  <system-out>

The submenu list from 'Being at home' column: Study Chairs Study Tables Study Lamps Study Sets Sofa Beds Accent Chairs Loveseats Floor Lamps Day Beds Outdoor Tables Balcony Swings Balcony Chairs Ottomans  </system-out>
</testsuite> <!-- testcases.ValidateSubMenu -->
