<?xml version="1.0" encoding="UTF-8"?>
<!-- Generated by org.testng.reporters.JUnitReportReporter -->
<testsuite hostname="Sweety" failures="0" tests="11" name="testcases.ValidateGiftCardEntry" time="20.914" errors="0" timestamp="2021-04-19T12:40:55 IST" skipped="0">
  <testcase classname="testcases.ValidateGiftCardEntry" name="homePageTitleTest" time="0.009"/>
  <system-out/>
  <testcase classname="testcases.ValidateGiftCardEntry" name="closePopUpTest" time="5.495"/>
  <system-out/>
  <testcase classname="testcases.ValidateGiftCardEntry" name="GiftCardButtonTest" time="7.930"/>
  <system-out/>
  <testcase classname="testcases.ValidateGiftCardEntry" name="selectCardTest" time="0.399"/>
  <system-out/>
  <testcase classname="testcases.ValidateGiftCardEntry" name="AmountTextBoxTest" time="2.217"/>
  <system-out/>
  <testcase classname="testcases.ValidateGiftCardEntry" name="RecipientNameTest" time="0.400"/>
  <system-out/>
  <testcase classname="testcases.ValidateGiftCardEntry" name="senderNameTest" time="0.355"/>
  <system-out/>
  <testcase classname="testcases.ValidateGiftCardEntry" name="RecipientEmailTest" time="0.484"/>
  <system-out/>
  <testcase classname="testcases.ValidateGiftCardEntry" name="senderNoTest" time="0.396"/>
  <system-out/>
  <testcase classname="testcases.ValidateGiftCardEntry" name="errorMessageTest" time="1.507"/>
  <system-out/>
  <testcase classname="testcases.ValidateGiftCardEntry" name="screenShotTest" time="1.722"/>
  <system-out/>
</testsuite> <!-- testcases.ValidateGiftCardEntry -->
