<?xml version="1.0" encoding="UTF-8"?>
<!-- Generated by org.testng.reporters.JUnitReportReporter -->
<testsuite hostname="Sweety" failures="0" tests="5" name="testcases.ValidateChairDetails" time="21.841" errors="0" timestamp="2021-04-19T12:40:55 IST" skipped="0">
  <testcase classname="testcases.ValidateChairDetails" name="homePageTitleTest" time="0.011"/>
  <system-out/>
  <testcase classname="testcases.ValidateChairDetails" name="closePopUpTest" time="7.982"/>
  <system-out/>
  <testcase classname="testcases.ValidateChairDetails" name="searchBoxTest" time="5.447"/>
  <system-out/>
  <testcase classname="testcases.ValidateChairDetails" name="searchButtonTest" time="4.375"/>
  <system-out/>
  <testcase classname="testcases.ValidateChairDetails" name="chairDetailsTest" time="4.026"/>
  <system-out>

The price of the first three study chair Mika Study Chair: Rs.13599 Dorsey Study Chair: Rs.4399 Hawley Study Chair: Rs.6999  </system-out>
</testsuite> <!-- testcases.ValidateChairDetails -->
