<?xml version="1.0" encoding="UTF-8"?>
<!-- Generated by org.testng.reporters.JUnitReportReporter -->
<testsuite hostname="Sweety" failures="0" tests="9" name="testcases.ValidateBookDetails" time="22.080" errors="0" timestamp="2021-04-19T12:40:55 IST" skipped="0">
  <testcase classname="testcases.ValidateBookDetails" name="homePageTitleTest" time="0.080"/>
  <system-out/>
  <testcase classname="testcases.ValidateBookDetails" name="closePopUpTest" time="8.548"/>
  <system-out/>
  <testcase classname="testcases.ValidateBookDetails" name="searchBoxTest" time="2.369"/>
  <system-out/>
  <testcase classname="testcases.ValidateBookDetails" name="searchButtonTest" time="3.993"/>
  <system-out/>
  <testcase classname="testcases.ValidateBookDetails" name="categoryTest" time="1.106"/>
  <system-out/>
  <testcase classname="testcases.ValidateBookDetails" name="storageTypeTest" time="2.167"/>
  <system-out/>
  <testcase classname="testcases.ValidateBookDetails" name="outOfStockTest" time="0.348"/>
  <system-out/>
  <testcase classname="testcases.ValidateBookDetails" name="RecommandationTest" time="2.089"/>
  <system-out/>
  <testcase classname="testcases.ValidateBookDetails" name="bookDetailsTest" time="1.380"/>
  <system-out>

The price of the first three bookshelves below Rs.15000: Boeberg Cabinet Inserts: Rs.899 Boeberg Cabinet Inserts: Rs.1699 Boeberg Drawer Inserts: Rs.2699  </system-out>
</testsuite> <!-- testcases.ValidateBookDetails -->
